[2025-05-11 18:52:57] START: FileMetaMarkaDemonstration.mp4
[2025-05-11 18:53:02] DONE: FileMetaMarkaDemonstration.mp4 | Export: FileMetaMarkaDemonstration_transcript.txt | Time: 5.00s
[2025-05-11 18:55:30] START: FileMetaMarkaDemonstration.mp4
[2025-05-11 18:55:35] DONE: FileMetaMarkaDemonstration.mp4 | Export: FileMetaMarkaDemonstration_transcript.txt | Time: 5.00s
[2025-05-11 19:00:35] START: XYPlorer.mp4
[2025-05-11 19:00:40] DONE: XYPlorer.mp4 | Export: XYPlorer_transcript.txt | Time: 5.00s
[2025-05-11 19:02:42] START: FileMetaMarkaDemonstration.mp4
[2025-05-11 19:02:47] DONE: FileMetaMarkaDemonstration.mp4 | Export: FileMetaMarkaDemonstration_transcript.txt | Time: 5.00s
[2025-05-11 19:09:52] START: FileMetaMarkaDemonstration.mp4
[2025-05-11 19:09:57] DONE: FileMetaMarkaDemonstration.mp4 | Export: FileMetaMarkaDemonstration_transcript.txt | Time: 5.00s
[2025-05-11 19:13:10] START: FileMetaMarkaDemonstration.mp4
[2025-05-11 19:13:15] DONE: FileMetaMarkaDemonstration.mp4 | Export: FileMetaMarkaDemonstration_transcript.txt | Time: 5.00s
[2025-05-11 19:14:56] START: FileMetaMarkaDemonstration.mp4
[2025-05-11 19:15:01] DONE: FileMetaMarkaDemonstration.mp4 | Export: FileMetaMarkaDemonstration_transcript.txt | Time: 5.00s
[2025-05-11 19:24:57] START: FileMetaMarkaDemonstration.mp4
[2025-05-11 19:25:02] DONE: FileMetaMarkaDemonstration.mp4 | Export: FileMetaMarkaDemonstration_transcript.txt | Time: 5.00s
[2025-05-11 19:27:46] START: FileMetaMarkaDemonstration.mp4
[2025-05-11 19:27:51] DONE: FileMetaMarkaDemonstration.mp4 | Export: FileMetaMarkaDemonstration_transcript.txt | Time: 5.00s
[2025-05-11 19:30:39] START: FileMetaMarkaDemonstration.mp4
[2025-05-11 19:30:44] DONE: FileMetaMarkaDemonstration.mp4 | Export: FileMetaMarkaDemonstration_transcript.txt | Time: 5.00s
[2025-05-11 19:32:46] Manual transcription completed. Outcome: Failure/Error. Will resume after interval.
[2025-05-11 19:32:50] Manual transcription completed. Outcome: Success. Will resume after interval.
[2025-05-11 19:35:44] START: XYPlorer.mp4
[2025-05-11 19:35:49] DONE: XYPlorer.mp4 | Export: XYPlorer_transcript.txt | Time: 5.00s
[2025-05-11 19:46:05] START: FileMetaMarkaDemonstration.mp4
[2025-05-11 19:46:12] DONE: FileMetaMarkaDemonstration.mp4 | Export: FileMetaMarkaDemonstration_transcript.txt | Time: 7.01s
